<?xml version="1.0" encoding="UTF-8"?>
<testsuite xmlns:xsi="http://www.w3.org/2001/XMLSchema-instance" xsi:noNamespaceSchemaLocation="https://maven.apache.org/surefire/maven-surefire-plugin/xsd/surefire-test-report-3.0.xsd" version="3.0" name="com.labweek.menumate.MenumateApplicationTests" time="3.316" tests="1" errors="0" skipped="0" failures="0">
  <properties>
    <property name="java.specification.version" value="17"/>
    <property name="sun.jnu.encoding" value="UTF-8"/>
    <property name="java.class.path" value="/Users/jmd138/Documents/GitHub/Buy-Sell-webapp/target/test-classes:/Users/jmd138/Documents/GitHub/Buy-Sell-webapp/target/classes:/Users/jmd138/.m2/repository/org/springframework/boot/spring-boot-starter-data-jpa/3.3.4/spring-boot-starter-data-jpa-3.3.4.jar:/Users/jmd138/.m2/repository/org/springframework/boot/spring-boot-starter-aop/3.3.4/spring-boot-starter-aop-3.3.4.jar:/Users/jmd138/.m2/repository/org/aspectj/aspectjweaver/1.9.22.1/aspectjweaver-1.9.22.1.jar:/Users/jmd138/.m2/repository/org/springframework/boot/spring-boot-starter-jdbc/3.3.4/spring-boot-starter-jdbc-3.3.4.jar:/Users/jmd138/.m2/repository/com/zaxxer/HikariCP/5.1.0/HikariCP-5.1.0.jar:/Users/jmd138/.m2/repository/org/springframework/spring-jdbc/6.1.13/spring-jdbc-6.1.13.jar:/Users/jmd138/.m2/repository/org/hibernate/orm/hibernate-core/6.5.3.Final/hibernate-core-6.5.3.Final.jar:/Users/jmd138/.m2/repository/jakarta/persistence/jakarta.persistence-api/3.1.0/jakarta.persistence-api-3.1.0.jar:/Users/jmd138/.m2/repository/jakarta/transaction/jakarta.transaction-api/2.0.1/jakarta.transaction-api-2.0.1.jar:/Users/jmd138/.m2/repository/org/jboss/logging/jboss-logging/3.5.3.Final/jboss-logging-3.5.3.Final.jar:/Users/jmd138/.m2/repository/org/hibernate/common/hibernate-commons-annotations/6.0.6.Final/hibernate-commons-annotations-6.0.6.Final.jar:/Users/jmd138/.m2/repository/io/smallrye/jandex/3.1.2/jandex-3.1.2.jar:/Users/jmd138/.m2/repository/com/fasterxml/classmate/1.7.0/classmate-1.7.0.jar:/Users/jmd138/.m2/repository/net/bytebuddy/byte-buddy/1.14.19/byte-buddy-1.14.19.jar:/Users/jmd138/.m2/repository/org/glassfish/jaxb/jaxb-runtime/4.0.5/jaxb-runtime-4.0.5.jar:/Users/jmd138/.m2/repository/org/glassfish/jaxb/jaxb-core/4.0.5/jaxb-core-4.0.5.jar:/Users/jmd138/.m2/repository/org/eclipse/angus/angus-activation/2.0.2/angus-activation-2.0.2.jar:/Users/jmd138/.m2/repository/org/glassfish/jaxb/txw2/4.0.5/txw2-4.0.5.jar:/Users/jmd138/.m2/repository/com/sun/istack/istack-commons-runtime/4.1.2/istack-commons-runtime-4.1.2.jar:/Users/jmd138/.m2/repository/jakarta/inject/jakarta.inject-api/2.0.1/jakarta.inject-api-2.0.1.jar:/Users/jmd138/.m2/repository/org/antlr/antlr4-runtime/4.13.0/antlr4-runtime-4.13.0.jar:/Users/jmd138/.m2/repository/org/springframework/data/spring-data-jpa/3.3.4/spring-data-jpa-3.3.4.jar:/Users/jmd138/.m2/repository/org/springframework/data/spring-data-commons/3.3.4/spring-data-commons-3.3.4.jar:/Users/jmd138/.m2/repository/org/springframework/spring-orm/6.1.13/spring-orm-6.1.13.jar:/Users/jmd138/.m2/repository/org/springframework/spring-context/6.1.13/spring-context-6.1.13.jar:/Users/jmd138/.m2/repository/org/springframework/spring-tx/6.1.13/spring-tx-6.1.13.jar:/Users/jmd138/.m2/repository/org/springframework/spring-beans/6.1.13/spring-beans-6.1.13.jar:/Users/jmd138/.m2/repository/jakarta/annotation/jakarta.annotation-api/2.1.1/jakarta.annotation-api-2.1.1.jar:/Users/jmd138/.m2/repository/org/slf4j/slf4j-api/2.0.16/slf4j-api-2.0.16.jar:/Users/jmd138/.m2/repository/org/springframework/spring-aspects/6.1.13/spring-aspects-6.1.13.jar:/Users/jmd138/.m2/repository/org/springframework/boot/spring-boot-starter-security/3.3.4/spring-boot-starter-security-3.3.4.jar:/Users/jmd138/.m2/repository/org/springframework/boot/spring-boot-starter/3.3.4/spring-boot-starter-3.3.4.jar:/Users/jmd138/.m2/repository/org/springframework/boot/spring-boot-starter-logging/3.3.4/spring-boot-starter-logging-3.3.4.jar:/Users/jmd138/.m2/repository/ch/qos/logback/logback-classic/1.5.8/logback-classic-1.5.8.jar:/Users/jmd138/.m2/repository/ch/qos/logback/logback-core/1.5.8/logback-core-1.5.8.jar:/Users/jmd138/.m2/repository/org/apache/logging/log4j/log4j-to-slf4j/2.23.1/log4j-to-slf4j-2.23.1.jar:/Users/jmd138/.m2/repository/org/apache/logging/log4j/log4j-api/2.23.1/log4j-api-2.23.1.jar:/Users/jmd138/.m2/repository/org/slf4j/jul-to-slf4j/2.0.16/jul-to-slf4j-2.0.16.jar:/Users/jmd138/.m2/repository/org/yaml/snakeyaml/2.2/snakeyaml-2.2.jar:/Users/jmd138/.m2/repository/org/springframework/spring-aop/6.1.13/spring-aop-6.1.13.jar:/Users/jmd138/.m2/repository/org/springframework/security/spring-security-config/6.3.3/spring-security-config-6.3.3.jar:/Users/jmd138/.m2/repository/org/springframework/security/spring-security-web/6.3.3/spring-security-web-6.3.3.jar:/Users/jmd138/.m2/repository/org/springframework/spring-expression/6.1.13/spring-expression-6.1.13.jar:/Users/jmd138/.m2/repository/org/springframework/boot/spring-boot-starter-web/3.3.4/spring-boot-starter-web-3.3.4.jar:/Users/jmd138/.m2/repository/org/springframework/boot/spring-boot-starter-json/3.3.4/spring-boot-starter-json-3.3.4.jar:/Users/jmd138/.m2/repository/com/fasterxml/jackson/datatype/jackson-datatype-jdk8/2.17.2/jackson-datatype-jdk8-2.17.2.jar:/Users/jmd138/.m2/repository/com/fasterxml/jackson/datatype/jackson-datatype-jsr310/2.17.2/jackson-datatype-jsr310-2.17.2.jar:/Users/jmd138/.m2/repository/com/fasterxml/jackson/module/jackson-module-parameter-names/2.17.2/jackson-module-parameter-names-2.17.2.jar:/Users/jmd138/.m2/repository/org/springframework/boot/spring-boot-starter-tomcat/3.3.4/spring-boot-starter-tomcat-3.3.4.jar:/Users/jmd138/.m2/repository/org/apache/tomcat/embed/tomcat-embed-core/10.1.30/tomcat-embed-core-10.1.30.jar:/Users/jmd138/.m2/repository/org/apache/tomcat/embed/tomcat-embed-el/10.1.30/tomcat-embed-el-10.1.30.jar:/Users/jmd138/.m2/repository/org/apache/tomcat/embed/tomcat-embed-websocket/10.1.30/tomcat-embed-websocket-10.1.30.jar:/Users/jmd138/.m2/repository/org/springframework/spring-web/6.1.13/spring-web-6.1.13.jar:/Users/jmd138/.m2/repository/io/micrometer/micrometer-observation/1.13.4/micrometer-observation-1.13.4.jar:/Users/jmd138/.m2/repository/io/micrometer/micrometer-commons/1.13.4/micrometer-commons-1.13.4.jar:/Users/jmd138/.m2/repository/org/springframework/spring-webmvc/6.1.13/spring-webmvc-6.1.13.jar:/Users/jmd138/.m2/repository/software/amazon/awssdk/s3/2.29.8/s3-2.29.8.jar:/Users/jmd138/.m2/repository/software/amazon/awssdk/aws-xml-protocol/2.29.8/aws-xml-protocol-2.29.8.jar:/Users/jmd138/.m2/repository/software/amazon/awssdk/aws-query-protocol/2.29.8/aws-query-protocol-2.29.8.jar:/Users/jmd138/.m2/repository/software/amazon/awssdk/protocol-core/2.29.8/protocol-core-2.29.8.jar:/Users/jmd138/.m2/repository/software/amazon/awssdk/arns/2.29.8/arns-2.29.8.jar:/Users/jmd138/.m2/repository/software/amazon/awssdk/profiles/2.29.8/profiles-2.29.8.jar:/Users/jmd138/.m2/repository/software/amazon/awssdk/crt-core/2.29.8/crt-core-2.29.8.jar:/Users/jmd138/.m2/repository/software/amazon/awssdk/http-auth/2.29.8/http-auth-2.29.8.jar:/Users/jmd138/.m2/repository/software/amazon/awssdk/identity-spi/2.29.8/identity-spi-2.29.8.jar:/Users/jmd138/.m2/repository/software/amazon/awssdk/http-auth-spi/2.29.8/http-auth-spi-2.29.8.jar:/Users/jmd138/.m2/repository/org/reactivestreams/reactive-streams/1.0.4/reactive-streams-1.0.4.jar:/Users/jmd138/.m2/repository/software/amazon/awssdk/http-auth-aws/2.29.8/http-auth-aws-2.29.8.jar:/Users/jmd138/.m2/repository/software/amazon/awssdk/checksums/2.29.8/checksums-2.29.8.jar:/Users/jmd138/.m2/repository/software/amazon/awssdk/checksums-spi/2.29.8/checksums-spi-2.29.8.jar:/Users/jmd138/.m2/repository/software/amazon/awssdk/retries-spi/2.29.8/retries-spi-2.29.8.jar:/Users/jmd138/.m2/repository/software/amazon/awssdk/sdk-core/2.29.8/sdk-core-2.29.8.jar:/Users/jmd138/.m2/repository/software/amazon/awssdk/retries/2.29.8/retries-2.29.8.jar:/Users/jmd138/.m2/repository/software/amazon/awssdk/auth/2.29.8/auth-2.29.8.jar:/Users/jmd138/.m2/repository/software/amazon/awssdk/http-auth-aws-eventstream/2.29.8/http-auth-aws-eventstream-2.29.8.jar:/Users/jmd138/.m2/repository/software/amazon/eventstream/eventstream/1.0.1/eventstream-1.0.1.jar:/Users/jmd138/.m2/repository/software/amazon/awssdk/http-client-spi/2.29.8/http-client-spi-2.29.8.jar:/Users/jmd138/.m2/repository/software/amazon/awssdk/regions/2.29.8/regions-2.29.8.jar:/Users/jmd138/.m2/repository/software/amazon/awssdk/annotations/2.29.8/annotations-2.29.8.jar:/Users/jmd138/.m2/repository/software/amazon/awssdk/utils/2.29.8/utils-2.29.8.jar:/Users/jmd138/.m2/repository/software/amazon/awssdk/aws-core/2.29.8/aws-core-2.29.8.jar:/Users/jmd138/.m2/repository/software/amazon/awssdk/metrics-spi/2.29.8/metrics-spi-2.29.8.jar:/Users/jmd138/.m2/repository/software/amazon/awssdk/json-utils/2.29.8/json-utils-2.29.8.jar:/Users/jmd138/.m2/repository/software/amazon/awssdk/third-party-jackson-core/2.29.8/third-party-jackson-core-2.29.8.jar:/Users/jmd138/.m2/repository/software/amazon/awssdk/endpoints-spi/2.29.8/endpoints-spi-2.29.8.jar:/Users/jmd138/.m2/repository/software/amazon/awssdk/apache-client/2.29.8/apache-client-2.29.8.jar:/Users/jmd138/.m2/repository/org/apache/httpcomponents/httpclient/4.5.13/httpclient-4.5.13.jar:/Users/jmd138/.m2/repository/commons-logging/commons-logging/1.2/commons-logging-1.2.jar:/Users/jmd138/.m2/repository/org/apache/httpcomponents/httpcore/4.4.16/httpcore-4.4.16.jar:/Users/jmd138/.m2/repository/commons-codec/commons-codec/1.16.1/commons-codec-1.16.1.jar:/Users/jmd138/.m2/repository/software/amazon/awssdk/netty-nio-client/2.29.8/netty-nio-client-2.29.8.jar:/Users/jmd138/.m2/repository/io/netty/netty-codec-http/4.1.113.Final/netty-codec-http-4.1.113.Final.jar:/Users/jmd138/.m2/repository/io/netty/netty-codec-http2/4.1.113.Final/netty-codec-http2-4.1.113.Final.jar:/Users/jmd138/.m2/repository/io/netty/netty-codec/4.1.113.Final/netty-codec-4.1.113.Final.jar:/Users/jmd138/.m2/repository/io/netty/netty-transport/4.1.113.Final/netty-transport-4.1.113.Final.jar:/Users/jmd138/.m2/repository/io/netty/netty-common/4.1.113.Final/netty-common-4.1.113.Final.jar:/Users/jmd138/.m2/repository/io/netty/netty-buffer/4.1.113.Final/netty-buffer-4.1.113.Final.jar:/Users/jmd138/.m2/repository/io/netty/netty-handler/4.1.113.Final/netty-handler-4.1.113.Final.jar:/Users/jmd138/.m2/repository/io/netty/netty-transport-native-unix-common/4.1.113.Final/netty-transport-native-unix-common-4.1.113.Final.jar:/Users/jmd138/.m2/repository/io/netty/netty-transport-classes-epoll/4.1.113.Final/netty-transport-classes-epoll-4.1.113.Final.jar:/Users/jmd138/.m2/repository/io/netty/netty-resolver/4.1.113.Final/netty-resolver-4.1.113.Final.jar:/Users/jmd138/.m2/repository/com/auth0/java-jwt/4.4.0/java-jwt-4.4.0.jar:/Users/jmd138/.m2/repository/com/fasterxml/jackson/core/jackson-databind/2.17.2/jackson-databind-2.17.2.jar:/Users/jmd138/.m2/repository/com/fasterxml/jackson/core/jackson-annotations/2.17.2/jackson-annotations-2.17.2.jar:/Users/jmd138/.m2/repository/com/fasterxml/jackson/core/jackson-core/2.17.2/jackson-core-2.17.2.jar:/Users/jmd138/.m2/repository/org/mapstruct/mapstruct/1.6.2/mapstruct-1.6.2.jar:/Users/jmd138/.m2/repository/org/mapstruct/mapstruct-processor/1.6.2/mapstruct-processor-1.6.2.jar:/Users/jmd138/.m2/repository/org/springframework/boot/spring-boot-devtools/3.3.4/spring-boot-devtools-3.3.4.jar:/Users/jmd138/.m2/repository/org/springframework/boot/spring-boot/3.3.4/spring-boot-3.3.4.jar:/Users/jmd138/.m2/repository/org/springframework/boot/spring-boot-autoconfigure/3.3.4/spring-boot-autoconfigure-3.3.4.jar:/Users/jmd138/.m2/repository/org/postgresql/postgresql/42.7.4/postgresql-42.7.4.jar:/Users/jmd138/.m2/repository/org/checkerframework/checker-qual/3.42.0/checker-qual-3.42.0.jar:/Users/jmd138/.m2/repository/org/projectlombok/lombok/1.18.34/lombok-1.18.34.jar:/Users/jmd138/.m2/repository/org/projectlombok/lombok-mapstruct-binding/0.2.0/lombok-mapstruct-binding-0.2.0.jar:/Users/jmd138/.m2/repository/org/springframework/boot/spring-boot-starter-test/3.3.4/spring-boot-starter-test-3.3.4.jar:/Users/jmd138/.m2/repository/org/springframework/boot/spring-boot-test/3.3.4/spring-boot-test-3.3.4.jar:/Users/jmd138/.m2/repository/org/springframework/boot/spring-boot-test-autoconfigure/3.3.4/spring-boot-test-autoconfigure-3.3.4.jar:/Users/jmd138/.m2/repository/com/jayway/jsonpath/json-path/2.9.0/json-path-2.9.0.jar:/Users/jmd138/.m2/repository/jakarta/xml/bind/jakarta.xml.bind-api/4.0.2/jakarta.xml.bind-api-4.0.2.jar:/Users/jmd138/.m2/repository/jakarta/activation/jakarta.activation-api/2.1.3/jakarta.activation-api-2.1.3.jar:/Users/jmd138/.m2/repository/net/minidev/json-smart/2.5.1/json-smart-2.5.1.jar:/Users/jmd138/.m2/repository/net/minidev/accessors-smart/2.5.1/accessors-smart-2.5.1.jar:/Users/jmd138/.m2/repository/org/ow2/asm/asm/9.6/asm-9.6.jar:/Users/jmd138/.m2/repository/org/assertj/assertj-core/3.25.3/assertj-core-3.25.3.jar:/Users/jmd138/.m2/repository/org/awaitility/awaitility/4.2.2/awaitility-4.2.2.jar:/Users/jmd138/.m2/repository/org/hamcrest/hamcrest/2.2/hamcrest-2.2.jar:/Users/jmd138/.m2/repository/org/junit/jupiter/junit-jupiter/5.10.3/junit-jupiter-5.10.3.jar:/Users/jmd138/.m2/repository/org/junit/jupiter/junit-jupiter-api/5.10.3/junit-jupiter-api-5.10.3.jar:/Users/jmd138/.m2/repository/org/opentest4j/opentest4j/1.3.0/opentest4j-1.3.0.jar:/Users/jmd138/.m2/repository/org/junit/platform/junit-platform-commons/1.10.3/junit-platform-commons-1.10.3.jar:/Users/jmd138/.m2/repository/org/apiguardian/apiguardian-api/1.1.2/apiguardian-api-1.1.2.jar:/Users/jmd138/.m2/repository/org/junit/jupiter/junit-jupiter-params/5.10.3/junit-jupiter-params-5.10.3.jar:/Users/jmd138/.m2/repository/org/junit/jupiter/junit-jupiter-engine/5.10.3/junit-jupiter-engine-5.10.3.jar:/Users/jmd138/.m2/repository/org/junit/platform/junit-platform-engine/1.10.3/junit-platform-engine-1.10.3.jar:/Users/jmd138/.m2/repository/org/mockito/mockito-core/5.11.0/mockito-core-5.11.0.jar:/Users/jmd138/.m2/repository/net/bytebuddy/byte-buddy-agent/1.14.19/byte-buddy-agent-1.14.19.jar:/Users/jmd138/.m2/repository/org/objenesis/objenesis/3.3/objenesis-3.3.jar:/Users/jmd138/.m2/repository/org/mockito/mockito-junit-jupiter/5.11.0/mockito-junit-jupiter-5.11.0.jar:/Users/jmd138/.m2/repository/org/skyscreamer/jsonassert/1.5.3/jsonassert-1.5.3.jar:/Users/jmd138/.m2/repository/com/vaadin/external/google/android-json/0.0.20131108.vaadin1/android-json-0.0.20131108.vaadin1.jar:/Users/jmd138/.m2/repository/org/springframework/spring-core/6.1.13/spring-core-6.1.13.jar:/Users/jmd138/.m2/repository/org/springframework/spring-jcl/6.1.13/spring-jcl-6.1.13.jar:/Users/jmd138/.m2/repository/org/springframework/spring-test/6.1.13/spring-test-6.1.13.jar:/Users/jmd138/.m2/repository/org/xmlunit/xmlunit-core/2.9.1/xmlunit-core-2.9.1.jar:/Users/jmd138/.m2/repository/org/springframework/security/spring-security-test/6.3.3/spring-security-test-6.3.3.jar:/Users/jmd138/.m2/repository/org/springframework/security/spring-security-core/6.3.3/spring-security-core-6.3.3.jar:/Users/jmd138/.m2/repository/org/springframework/security/spring-security-crypto/6.3.3/spring-security-crypto-6.3.3.jar:"/>
    <property name="java.vm.vendor" value="Amazon.com Inc."/>
    <property name="sun.arch.data.model" value="64"/>
    <property name="java.vendor.url" value="https://aws.amazon.com/corretto/"/>
    <property name="user.timezone" value="Asia/Kolkata"/>
    <property name="org.jboss.logging.provider" value="slf4j"/>
    <property name="os.name" value="Mac OS X"/>
    <property name="java.vm.specification.version" value="17"/>
    <property name="sun.java.launcher" value="SUN_STANDARD"/>
    <property name="user.country" value="IN"/>
    <property name="sun.boot.library.path" value="/Users/jmd138/Library/Java/JavaVirtualMachines/corretto-17.0.12/Contents/Home/lib"/>
    <property name="sun.java.command" value="/Users/jmd138/Documents/GitHub/Buy-Sell-webapp/target/surefire/surefirebooter-20241110005229945_3.jar /Users/jmd138/Documents/GitHub/Buy-Sell-webapp/target/surefire 2024-11-10T00-52-26_658-jvmRun1 surefire-20241110005229945_1tmp surefire_0-20241110005229945_2tmp"/>
    <property name="jdk.debug" value="release"/>
    <property name="surefire.test.class.path" value="/Users/jmd138/Documents/GitHub/Buy-Sell-webapp/target/test-classes:/Users/jmd138/Documents/GitHub/Buy-Sell-webapp/target/classes:/Users/jmd138/.m2/repository/org/springframework/boot/spring-boot-starter-data-jpa/3.3.4/spring-boot-starter-data-jpa-3.3.4.jar:/Users/jmd138/.m2/repository/org/springframework/boot/spring-boot-starter-aop/3.3.4/spring-boot-starter-aop-3.3.4.jar:/Users/jmd138/.m2/repository/org/aspectj/aspectjweaver/1.9.22.1/aspectjweaver-1.9.22.1.jar:/Users/jmd138/.m2/repository/org/springframework/boot/spring-boot-starter-jdbc/3.3.4/spring-boot-starter-jdbc-3.3.4.jar:/Users/jmd138/.m2/repository/com/zaxxer/HikariCP/5.1.0/HikariCP-5.1.0.jar:/Users/jmd138/.m2/repository/org/springframework/spring-jdbc/6.1.13/spring-jdbc-6.1.13.jar:/Users/jmd138/.m2/repository/org/hibernate/orm/hibernate-core/6.5.3.Final/hibernate-core-6.5.3.Final.jar:/Users/jmd138/.m2/repository/jakarta/persistence/jakarta.persistence-api/3.1.0/jakarta.persistence-api-3.1.0.jar:/Users/jmd138/.m2/repository/jakarta/transaction/jakarta.transaction-api/2.0.1/jakarta.transaction-api-2.0.1.jar:/Users/jmd138/.m2/repository/org/jboss/logging/jboss-logging/3.5.3.Final/jboss-logging-3.5.3.Final.jar:/Users/jmd138/.m2/repository/org/hibernate/common/hibernate-commons-annotations/6.0.6.Final/hibernate-commons-annotations-6.0.6.Final.jar:/Users/jmd138/.m2/repository/io/smallrye/jandex/3.1.2/jandex-3.1.2.jar:/Users/jmd138/.m2/repository/com/fasterxml/classmate/1.7.0/classmate-1.7.0.jar:/Users/jmd138/.m2/repository/net/bytebuddy/byte-buddy/1.14.19/byte-buddy-1.14.19.jar:/Users/jmd138/.m2/repository/org/glassfish/jaxb/jaxb-runtime/4.0.5/jaxb-runtime-4.0.5.jar:/Users/jmd138/.m2/repository/org/glassfish/jaxb/jaxb-core/4.0.5/jaxb-core-4.0.5.jar:/Users/jmd138/.m2/repository/org/eclipse/angus/angus-activation/2.0.2/angus-activation-2.0.2.jar:/Users/jmd138/.m2/repository/org/glassfish/jaxb/txw2/4.0.5/txw2-4.0.5.jar:/Users/jmd138/.m2/repository/com/sun/istack/istack-commons-runtime/4.1.2/istack-commons-runtime-4.1.2.jar:/Users/jmd138/.m2/repository/jakarta/inject/jakarta.inject-api/2.0.1/jakarta.inject-api-2.0.1.jar:/Users/jmd138/.m2/repository/org/antlr/antlr4-runtime/4.13.0/antlr4-runtime-4.13.0.jar:/Users/jmd138/.m2/repository/org/springframework/data/spring-data-jpa/3.3.4/spring-data-jpa-3.3.4.jar:/Users/jmd138/.m2/repository/org/springframework/data/spring-data-commons/3.3.4/spring-data-commons-3.3.4.jar:/Users/jmd138/.m2/repository/org/springframework/spring-orm/6.1.13/spring-orm-6.1.13.jar:/Users/jmd138/.m2/repository/org/springframework/spring-context/6.1.13/spring-context-6.1.13.jar:/Users/jmd138/.m2/repository/org/springframework/spring-tx/6.1.13/spring-tx-6.1.13.jar:/Users/jmd138/.m2/repository/org/springframework/spring-beans/6.1.13/spring-beans-6.1.13.jar:/Users/jmd138/.m2/repository/jakarta/annotation/jakarta.annotation-api/2.1.1/jakarta.annotation-api-2.1.1.jar:/Users/jmd138/.m2/repository/org/slf4j/slf4j-api/2.0.16/slf4j-api-2.0.16.jar:/Users/jmd138/.m2/repository/org/springframework/spring-aspects/6.1.13/spring-aspects-6.1.13.jar:/Users/jmd138/.m2/repository/org/springframework/boot/spring-boot-starter-security/3.3.4/spring-boot-starter-security-3.3.4.jar:/Users/jmd138/.m2/repository/org/springframework/boot/spring-boot-starter/3.3.4/spring-boot-starter-3.3.4.jar:/Users/jmd138/.m2/repository/org/springframework/boot/spring-boot-starter-logging/3.3.4/spring-boot-starter-logging-3.3.4.jar:/Users/jmd138/.m2/repository/ch/qos/logback/logback-classic/1.5.8/logback-classic-1.5.8.jar:/Users/jmd138/.m2/repository/ch/qos/logback/logback-core/1.5.8/logback-core-1.5.8.jar:/Users/jmd138/.m2/repository/org/apache/logging/log4j/log4j-to-slf4j/2.23.1/log4j-to-slf4j-2.23.1.jar:/Users/jmd138/.m2/repository/org/apache/logging/log4j/log4j-api/2.23.1/log4j-api-2.23.1.jar:/Users/jmd138/.m2/repository/org/slf4j/jul-to-slf4j/2.0.16/jul-to-slf4j-2.0.16.jar:/Users/jmd138/.m2/repository/org/yaml/snakeyaml/2.2/snakeyaml-2.2.jar:/Users/jmd138/.m2/repository/org/springframework/spring-aop/6.1.13/spring-aop-6.1.13.jar:/Users/jmd138/.m2/repository/org/springframework/security/spring-security-config/6.3.3/spring-security-config-6.3.3.jar:/Users/jmd138/.m2/repository/org/springframework/security/spring-security-web/6.3.3/spring-security-web-6.3.3.jar:/Users/jmd138/.m2/repository/org/springframework/spring-expression/6.1.13/spring-expression-6.1.13.jar:/Users/jmd138/.m2/repository/org/springframework/boot/spring-boot-starter-web/3.3.4/spring-boot-starter-web-3.3.4.jar:/Users/jmd138/.m2/repository/org/springframework/boot/spring-boot-starter-json/3.3.4/spring-boot-starter-json-3.3.4.jar:/Users/jmd138/.m2/repository/com/fasterxml/jackson/datatype/jackson-datatype-jdk8/2.17.2/jackson-datatype-jdk8-2.17.2.jar:/Users/jmd138/.m2/repository/com/fasterxml/jackson/datatype/jackson-datatype-jsr310/2.17.2/jackson-datatype-jsr310-2.17.2.jar:/Users/jmd138/.m2/repository/com/fasterxml/jackson/module/jackson-module-parameter-names/2.17.2/jackson-module-parameter-names-2.17.2.jar:/Users/jmd138/.m2/repository/org/springframework/boot/spring-boot-starter-tomcat/3.3.4/spring-boot-starter-tomcat-3.3.4.jar:/Users/jmd138/.m2/repository/org/apache/tomcat/embed/tomcat-embed-core/10.1.30/tomcat-embed-core-10.1.30.jar:/Users/jmd138/.m2/repository/org/apache/tomcat/embed/tomcat-embed-el/10.1.30/tomcat-embed-el-10.1.30.jar:/Users/jmd138/.m2/repository/org/apache/tomcat/embed/tomcat-embed-websocket/10.1.30/tomcat-embed-websocket-10.1.30.jar:/Users/jmd138/.m2/repository/org/springframework/spring-web/6.1.13/spring-web-6.1.13.jar:/Users/jmd138/.m2/repository/io/micrometer/micrometer-observation/1.13.4/micrometer-observation-1.13.4.jar:/Users/jmd138/.m2/repository/io/micrometer/micrometer-commons/1.13.4/micrometer-commons-1.13.4.jar:/Users/jmd138/.m2/repository/org/springframework/spring-webmvc/6.1.13/spring-webmvc-6.1.13.jar:/Users/jmd138/.m2/repository/software/amazon/awssdk/s3/2.29.8/s3-2.29.8.jar:/Users/jmd138/.m2/repository/software/amazon/awssdk/aws-xml-protocol/2.29.8/aws-xml-protocol-2.29.8.jar:/Users/jmd138/.m2/repository/software/amazon/awssdk/aws-query-protocol/2.29.8/aws-query-protocol-2.29.8.jar:/Users/jmd138/.m2/repository/software/amazon/awssdk/protocol-core/2.29.8/protocol-core-2.29.8.jar:/Users/jmd138/.m2/repository/software/amazon/awssdk/arns/2.29.8/arns-2.29.8.jar:/Users/jmd138/.m2/repository/software/amazon/awssdk/profiles/2.29.8/profiles-2.29.8.jar:/Users/jmd138/.m2/repository/software/amazon/awssdk/crt-core/2.29.8/crt-core-2.29.8.jar:/Users/jmd138/.m2/repository/software/amazon/awssdk/http-auth/2.29.8/http-auth-2.29.8.jar:/Users/jmd138/.m2/repository/software/amazon/awssdk/identity-spi/2.29.8/identity-spi-2.29.8.jar:/Users/jmd138/.m2/repository/software/amazon/awssdk/http-auth-spi/2.29.8/http-auth-spi-2.29.8.jar:/Users/jmd138/.m2/repository/org/reactivestreams/reactive-streams/1.0.4/reactive-streams-1.0.4.jar:/Users/jmd138/.m2/repository/software/amazon/awssdk/http-auth-aws/2.29.8/http-auth-aws-2.29.8.jar:/Users/jmd138/.m2/repository/software/amazon/awssdk/checksums/2.29.8/checksums-2.29.8.jar:/Users/jmd138/.m2/repository/software/amazon/awssdk/checksums-spi/2.29.8/checksums-spi-2.29.8.jar:/Users/jmd138/.m2/repository/software/amazon/awssdk/retries-spi/2.29.8/retries-spi-2.29.8.jar:/Users/jmd138/.m2/repository/software/amazon/awssdk/sdk-core/2.29.8/sdk-core-2.29.8.jar:/Users/jmd138/.m2/repository/software/amazon/awssdk/retries/2.29.8/retries-2.29.8.jar:/Users/jmd138/.m2/repository/software/amazon/awssdk/auth/2.29.8/auth-2.29.8.jar:/Users/jmd138/.m2/repository/software/amazon/awssdk/http-auth-aws-eventstream/2.29.8/http-auth-aws-eventstream-2.29.8.jar:/Users/jmd138/.m2/repository/software/amazon/eventstream/eventstream/1.0.1/eventstream-1.0.1.jar:/Users/jmd138/.m2/repository/software/amazon/awssdk/http-client-spi/2.29.8/http-client-spi-2.29.8.jar:/Users/jmd138/.m2/repository/software/amazon/awssdk/regions/2.29.8/regions-2.29.8.jar:/Users/jmd138/.m2/repository/software/amazon/awssdk/annotations/2.29.8/annotations-2.29.8.jar:/Users/jmd138/.m2/repository/software/amazon/awssdk/utils/2.29.8/utils-2.29.8.jar:/Users/jmd138/.m2/repository/software/amazon/awssdk/aws-core/2.29.8/aws-core-2.29.8.jar:/Users/jmd138/.m2/repository/software/amazon/awssdk/metrics-spi/2.29.8/metrics-spi-2.29.8.jar:/Users/jmd138/.m2/repository/software/amazon/awssdk/json-utils/2.29.8/json-utils-2.29.8.jar:/Users/jmd138/.m2/repository/software/amazon/awssdk/third-party-jackson-core/2.29.8/third-party-jackson-core-2.29.8.jar:/Users/jmd138/.m2/repository/software/amazon/awssdk/endpoints-spi/2.29.8/endpoints-spi-2.29.8.jar:/Users/jmd138/.m2/repository/software/amazon/awssdk/apache-client/2.29.8/apache-client-2.29.8.jar:/Users/jmd138/.m2/repository/org/apache/httpcomponents/httpclient/4.5.13/httpclient-4.5.13.jar:/Users/jmd138/.m2/repository/commons-logging/commons-logging/1.2/commons-logging-1.2.jar:/Users/jmd138/.m2/repository/org/apache/httpcomponents/httpcore/4.4.16/httpcore-4.4.16.jar:/Users/jmd138/.m2/repository/commons-codec/commons-codec/1.16.1/commons-codec-1.16.1.jar:/Users/jmd138/.m2/repository/software/amazon/awssdk/netty-nio-client/2.29.8/netty-nio-client-2.29.8.jar:/Users/jmd138/.m2/repository/io/netty/netty-codec-http/4.1.113.Final/netty-codec-http-4.1.113.Final.jar:/Users/jmd138/.m2/repository/io/netty/netty-codec-http2/4.1.113.Final/netty-codec-http2-4.1.113.Final.jar:/Users/jmd138/.m2/repository/io/netty/netty-codec/4.1.113.Final/netty-codec-4.1.113.Final.jar:/Users/jmd138/.m2/repository/io/netty/netty-transport/4.1.113.Final/netty-transport-4.1.113.Final.jar:/Users/jmd138/.m2/repository/io/netty/netty-common/4.1.113.Final/netty-common-4.1.113.Final.jar:/Users/jmd138/.m2/repository/io/netty/netty-buffer/4.1.113.Final/netty-buffer-4.1.113.Final.jar:/Users/jmd138/.m2/repository/io/netty/netty-handler/4.1.113.Final/netty-handler-4.1.113.Final.jar:/Users/jmd138/.m2/repository/io/netty/netty-transport-native-unix-common/4.1.113.Final/netty-transport-native-unix-common-4.1.113.Final.jar:/Users/jmd138/.m2/repository/io/netty/netty-transport-classes-epoll/4.1.113.Final/netty-transport-classes-epoll-4.1.113.Final.jar:/Users/jmd138/.m2/repository/io/netty/netty-resolver/4.1.113.Final/netty-resolver-4.1.113.Final.jar:/Users/jmd138/.m2/repository/com/auth0/java-jwt/4.4.0/java-jwt-4.4.0.jar:/Users/jmd138/.m2/repository/com/fasterxml/jackson/core/jackson-databind/2.17.2/jackson-databind-2.17.2.jar:/Users/jmd138/.m2/repository/com/fasterxml/jackson/core/jackson-annotations/2.17.2/jackson-annotations-2.17.2.jar:/Users/jmd138/.m2/repository/com/fasterxml/jackson/core/jackson-core/2.17.2/jackson-core-2.17.2.jar:/Users/jmd138/.m2/repository/org/mapstruct/mapstruct/1.6.2/mapstruct-1.6.2.jar:/Users/jmd138/.m2/repository/org/mapstruct/mapstruct-processor/1.6.2/mapstruct-processor-1.6.2.jar:/Users/jmd138/.m2/repository/org/springframework/boot/spring-boot-devtools/3.3.4/spring-boot-devtools-3.3.4.jar:/Users/jmd138/.m2/repository/org/springframework/boot/spring-boot/3.3.4/spring-boot-3.3.4.jar:/Users/jmd138/.m2/repository/org/springframework/boot/spring-boot-autoconfigure/3.3.4/spring-boot-autoconfigure-3.3.4.jar:/Users/jmd138/.m2/repository/org/postgresql/postgresql/42.7.4/postgresql-42.7.4.jar:/Users/jmd138/.m2/repository/org/checkerframework/checker-qual/3.42.0/checker-qual-3.42.0.jar:/Users/jmd138/.m2/repository/org/projectlombok/lombok/1.18.34/lombok-1.18.34.jar:/Users/jmd138/.m2/repository/org/projectlombok/lombok-mapstruct-binding/0.2.0/lombok-mapstruct-binding-0.2.0.jar:/Users/jmd138/.m2/repository/org/springframework/boot/spring-boot-starter-test/3.3.4/spring-boot-starter-test-3.3.4.jar:/Users/jmd138/.m2/repository/org/springframework/boot/spring-boot-test/3.3.4/spring-boot-test-3.3.4.jar:/Users/jmd138/.m2/repository/org/springframework/boot/spring-boot-test-autoconfigure/3.3.4/spring-boot-test-autoconfigure-3.3.4.jar:/Users/jmd138/.m2/repository/com/jayway/jsonpath/json-path/2.9.0/json-path-2.9.0.jar:/Users/jmd138/.m2/repository/jakarta/xml/bind/jakarta.xml.bind-api/4.0.2/jakarta.xml.bind-api-4.0.2.jar:/Users/jmd138/.m2/repository/jakarta/activation/jakarta.activation-api/2.1.3/jakarta.activation-api-2.1.3.jar:/Users/jmd138/.m2/repository/net/minidev/json-smart/2.5.1/json-smart-2.5.1.jar:/Users/jmd138/.m2/repository/net/minidev/accessors-smart/2.5.1/accessors-smart-2.5.1.jar:/Users/jmd138/.m2/repository/org/ow2/asm/asm/9.6/asm-9.6.jar:/Users/jmd138/.m2/repository/org/assertj/assertj-core/3.25.3/assertj-core-3.25.3.jar:/Users/jmd138/.m2/repository/org/awaitility/awaitility/4.2.2/awaitility-4.2.2.jar:/Users/jmd138/.m2/repository/org/hamcrest/hamcrest/2.2/hamcrest-2.2.jar:/Users/jmd138/.m2/repository/org/junit/jupiter/junit-jupiter/5.10.3/junit-jupiter-5.10.3.jar:/Users/jmd138/.m2/repository/org/junit/jupiter/junit-jupiter-api/5.10.3/junit-jupiter-api-5.10.3.jar:/Users/jmd138/.m2/repository/org/opentest4j/opentest4j/1.3.0/opentest4j-1.3.0.jar:/Users/jmd138/.m2/repository/org/junit/platform/junit-platform-commons/1.10.3/junit-platform-commons-1.10.3.jar:/Users/jmd138/.m2/repository/org/apiguardian/apiguardian-api/1.1.2/apiguardian-api-1.1.2.jar:/Users/jmd138/.m2/repository/org/junit/jupiter/junit-jupiter-params/5.10.3/junit-jupiter-params-5.10.3.jar:/Users/jmd138/.m2/repository/org/junit/jupiter/junit-jupiter-engine/5.10.3/junit-jupiter-engine-5.10.3.jar:/Users/jmd138/.m2/repository/org/junit/platform/junit-platform-engine/1.10.3/junit-platform-engine-1.10.3.jar:/Users/jmd138/.m2/repository/org/mockito/mockito-core/5.11.0/mockito-core-5.11.0.jar:/Users/jmd138/.m2/repository/net/bytebuddy/byte-buddy-agent/1.14.19/byte-buddy-agent-1.14.19.jar:/Users/jmd138/.m2/repository/org/objenesis/objenesis/3.3/objenesis-3.3.jar:/Users/jmd138/.m2/repository/org/mockito/mockito-junit-jupiter/5.11.0/mockito-junit-jupiter-5.11.0.jar:/Users/jmd138/.m2/repository/org/skyscreamer/jsonassert/1.5.3/jsonassert-1.5.3.jar:/Users/jmd138/.m2/repository/com/vaadin/external/google/android-json/0.0.20131108.vaadin1/android-json-0.0.20131108.vaadin1.jar:/Users/jmd138/.m2/repository/org/springframework/spring-core/6.1.13/spring-core-6.1.13.jar:/Users/jmd138/.m2/repository/org/springframework/spring-jcl/6.1.13/spring-jcl-6.1.13.jar:/Users/jmd138/.m2/repository/org/springframework/spring-test/6.1.13/spring-test-6.1.13.jar:/Users/jmd138/.m2/repository/org/xmlunit/xmlunit-core/2.9.1/xmlunit-core-2.9.1.jar:/Users/jmd138/.m2/repository/org/springframework/security/spring-security-test/6.3.3/spring-security-test-6.3.3.jar:/Users/jmd138/.m2/repository/org/springframework/security/spring-security-core/6.3.3/spring-security-core-6.3.3.jar:/Users/jmd138/.m2/repository/org/springframework/security/spring-security-crypto/6.3.3/spring-security-crypto-6.3.3.jar:"/>
    <property name="sun.cpu.endian" value="little"/>
    <property name="user.home" value="/Users/jmd138"/>
    <property name="user.language" value="en"/>
    <property name="java.specification.vendor" value="Oracle Corporation"/>
    <property name="java.version.date" value="2024-07-16"/>
    <property name="java.home" value="/Users/jmd138/Library/Java/JavaVirtualMachines/corretto-17.0.12/Contents/Home"/>
    <property name="file.separator" value="/"/>
    <property name="basedir" value="/Users/jmd138/Documents/GitHub/Buy-Sell-webapp"/>
    <property name="java.vm.compressedOopsMode" value="Zero based"/>
    <property name="line.separator" value="&#10;"/>
    <property name="java.specification.name" value="Java Platform API Specification"/>
    <property name="java.vm.specification.vendor" value="Oracle Corporation"/>
    <property name="FILE_LOG_CHARSET" value="US-ASCII"/>
    <property name="java.awt.headless" value="true"/>
    <property name="surefire.real.class.path" value="/Users/jmd138/Documents/GitHub/Buy-Sell-webapp/target/surefire/surefirebooter-20241110005229945_3.jar"/>
    <property name="sun.management.compiler" value="HotSpot 64-Bit Tiered Compilers"/>
    <property name="java.runtime.version" value="17.0.12+7-LTS"/>
    <property name="user.name" value="jmd138"/>
    <property name="path.separator" value=":"/>
    <property name="os.version" value="14.7"/>
    <property name="java.runtime.name" value="OpenJDK Runtime Environment"/>
    <property name="file.encoding" value="US-ASCII"/>
    <property name="java.vm.name" value="OpenJDK 64-Bit Server VM"/>
    <property name="java.vendor.version" value="Corretto-17.0.12.7.1"/>
    <property name="localRepository" value="/Users/jmd138/.m2/repository"/>
    <property name="java.vendor.url.bug" value="https://github.com/corretto/corretto-17/issues/"/>
    <property name="java.io.tmpdir" value="/var/folders/mv/c9dlwygx3s3fp7mb_tkfqwd00000gp/T/"/>
    <property name="idea.version" value="2024.2.0.2"/>
    <property name="com.zaxxer.hikari.pool_number" value="1"/>
    <property name="java.version" value="17.0.12"/>
    <property name="user.dir" value="/Users/jmd138/Documents/GitHub/Buy-Sell-webapp"/>
    <property name="os.arch" value="aarch64"/>
    <property name="java.vm.specification.name" value="Java Virtual Machine Specification"/>
    <property name="PID" value="59908"/>
    <property name="CONSOLE_LOG_CHARSET" value="US-ASCII"/>
    <property name="native.encoding" value="US-ASCII"/>
    <property name="java.library.path" value="/Users/jmd138/Library/Java/Extensions:/Library/Java/Extensions:/Network/Library/Java/Extensions:/System/Library/Java/Extensions:/usr/lib/java:."/>
    <property name="java.vm.info" value="mixed mode, sharing"/>
    <property name="java.vendor" value="Amazon.com Inc."/>
    <property name="java.vm.version" value="17.0.12+7-LTS"/>
    <property name="sun.io.unicode.encoding" value="UnicodeBig"/>
    <property name="java.class.version" value="61.0"/>
    <property name="LOGGED_APPLICATION_NAME" value="[menumate] "/>
  </properties>
  <testcase name="contextLoads" classname="com.labweek.menumate.MenumateApplicationTests" time="0.328">
    <system-out><![CDATA[Standard Commons Logging discovery in action with spring-jcl: please remove commons-logging.jar from classpath in order to avoid potential conflicts
00:52:30.637 [main] INFO org.springframework.test.context.support.AnnotationConfigContextLoaderUtils -- Could not detect default configuration classes for test class [com.labweek.menumate.MenumateApplicationTests]: MenumateApplicationTests does not declare any static, non-private, non-final, nested classes annotated with @Configuration.
00:52:30.701 [main] INFO org.springframework.boot.test.context.SpringBootTestContextBootstrapper -- Found @SpringBootConfiguration com.labweek.menumate.MenumateApplication for test class com.labweek.menumate.MenumateApplicationTests
00:52:30.788 [main] INFO org.springframework.boot.devtools.restart.RestartApplicationListener -- Restart disabled due to context in which it is running

  .   ____          _            __ _ _
 /\\ / ___'_ __ _ _(_)_ __  __ _ \ \ \ \
( ( )\___ | '_ | '_| | '_ \/ _` | \ \ \ \
 \\/  ___)| |_)| | | | | || (_| |  ) ) ) )
  '  |____| .__|_| |_|_| |_\__, | / / / /
 =========|_|==============|___/=/_/_/_/

 :: Spring Boot ::                (v3.3.4)

2024-11-10T00:52:30.924+05:30  INFO 59908 --- [menumate] [           main] c.l.menumate.MenumateApplicationTests    : Starting MenumateApplicationTests using Java 17.0.12 with PID 59908 (started by jmd138 in /Users/jmd138/Documents/GitHub/Buy-Sell-webapp)
2024-11-10T00:52:30.926+05:30  INFO 59908 --- [menumate] [           main] c.l.menumate.MenumateApplicationTests    : No active profile set, falling back to 1 default profile: "default"
2024-11-10T00:52:31.363+05:30  INFO 59908 --- [menumate] [           main] .s.d.r.c.RepositoryConfigurationDelegate : Bootstrapping Spring Data JPA repositories in DEFAULT mode.
2024-11-10T00:52:31.394+05:30  INFO 59908 --- [menumate] [           main] .s.d.r.c.RepositoryConfigurationDelegate : Finished Spring Data repository scanning in 28 ms. Found 2 JPA repository interfaces.
2024-11-10T00:52:31.675+05:30  INFO 59908 --- [menumate] [           main] o.hibernate.jpa.internal.util.LogHelper  : HHH000204: Processing PersistenceUnitInfo [name: default]
2024-11-10T00:52:31.701+05:30  INFO 59908 --- [menumate] [           main] org.hibernate.Version                    : HHH000412: Hibernate ORM core version 6.5.3.Final
2024-11-10T00:52:31.720+05:30  INFO 59908 --- [menumate] [           main] o.h.c.internal.RegionFactoryInitiator    : HHH000026: Second-level cache disabled
2024-11-10T00:52:31.860+05:30  INFO 59908 --- [menumate] [           main] o.s.o.j.p.SpringPersistenceUnitInfo      : No LoadTimeWeaver setup: ignoring JPA class transformer
2024-11-10T00:52:31.886+05:30  INFO 59908 --- [menumate] [           main] com.zaxxer.hikari.HikariDataSource       : HikariPool-1 - Starting...
2024-11-10T00:52:32.006+05:30  INFO 59908 --- [menumate] [           main] com.zaxxer.hikari.pool.HikariPool        : HikariPool-1 - Added connection org.postgresql.jdbc.PgConnection@9205c0a
2024-11-10T00:52:32.007+05:30  INFO 59908 --- [menumate] [           main] com.zaxxer.hikari.HikariDataSource       : HikariPool-1 - Start completed.
2024-11-10T00:52:32.023+05:30  WARN 59908 --- [menumate] [           main] org.hibernate.orm.deprecation            : HHH90000025: PostgreSQLDialect does not need to be specified explicitly using 'hibernate.dialect' (remove the property setting and it will be selected by default)
2024-11-10T00:52:32.454+05:30  INFO 59908 --- [menumate] [           main] o.h.e.t.j.p.i.JtaPlatformInitiator       : HHH000489: No JTA platform available (set 'hibernate.transaction.jta.platform' to enable JTA platform integration)
2024-11-10T00:52:32.485+05:30  INFO 59908 --- [menumate] [           main] j.LocalContainerEntityManagerFactoryBean : Initialized JPA EntityManagerFactory for persistence unit 'default'
2024-11-10T00:52:32.643+05:30  INFO 59908 --- [menumate] [           main] o.s.d.j.r.query.QueryEnhancerFactory     : Hibernate is in classpath; If applicable, HQL parser will be used.
2024-11-10T00:52:33.210+05:30  WARN 59908 --- [menumate] [           main] JpaBaseConfiguration$JpaWebConfiguration : spring.jpa.open-in-view is enabled by default. Therefore, database queries may be performed during view rendering. Explicitly configure spring.jpa.open-in-view to disable this warning
2024-11-10T00:52:33.223+05:30  WARN 59908 --- [menumate] [           main] .s.s.UserDetailsServiceAutoConfiguration : 

Using generated security password: 1fed9eac-db37-4ed0-bba0-7c093b7c218f

This generated password is for development use only. Your security configuration must be updated before running your application in production.

2024-11-10T00:52:33.226+05:30  INFO 59908 --- [menumate] [           main] r$InitializeUserDetailsManagerConfigurer : Global AuthenticationManager configured with UserDetailsService bean with name inMemoryUserDetailsManager
2024-11-10T00:52:33.510+05:30  INFO 59908 --- [menumate] [           main] c.l.menumate.MenumateApplicationTests    : Started MenumateApplicationTests in 2.727 seconds (process running for 3.481)
]]></system-out>
  </testcase>
</testsuite>